<?xml version="1.0" encoding="UTF-8"?>
<!-- Generated by org.testng.reporters.JUnitReportReporter -->
<testsuite hostname="shanth-Lenovo-ideapad-330-15IKB" failures="0" tests="7" name="testng.Test4" time="0.013" errors="0" timestamp="2022-10-22T15:19:05 IST" skipped="1">
  <testcase classname="testng.Test4" name="setting" time="0.007"/>
  <system-out>
    <![CDATA[setting]]>
  </system-out>
  <testcase classname="testng.Test4" name="calls" time="0.001"/>
  <system-out>
    <![CDATA[calls]]>
  </system-out>
  <testcase classname="testng.Test4" name="calls" time="0.001"/>
  <system-out>
    <![CDATA[calls]]>
  </system-out>
  <testcase classname="testng.Test4" name="calls" time="0.001"/>
  <system-out>
    <![CDATA[calls]]>
  </system-out>
  <testcase classname="testng.Test4" name="calls" time="0.002"/>
  <system-out>
    <![CDATA[calls]]>
  </system-out>
  <testcase classname="testng.Test4" name="calls" time="0.001"/>
  <system-out>
    <![CDATA[calls]]>
  </system-out>
  <testcase classname="testng.Test4" name="chats">
    <skipped/>
  </testcase> <!-- chats -->
  <system-out/>
</testsuite> <!-- testng.Test4 -->
