<?xml version="1.0" encoding="UTF-8"?>
<!-- Generated by org.testng.reporters.JUnitReportReporter -->
<testsuite hostname="shanth-Lenovo-ideapad-330-15IKB" failures="0" tests="1" name="testng.TestCase3" time="11.166" errors="0" timestamp="2022-11-28T11:32:10 IST" skipped="0">
  <testcase classname="testng.TestCase3" name="createpage" time="11.166"/>
  <system-out>
    <![CDATA[https://www.facebook.com/pages/create/?ref_type=registration_form
Facebook]]>
  </system-out>
</testsuite> <!-- testng.TestCase3 -->
