<?xml version="1.0" encoding="UTF-8"?>
<!-- Generated by org.testng.reporters.JUnitReportReporter -->
<testsuite hostname="shanth-Lenovo-ideapad-330-15IKB" failures="0" tests="3" name="testng.Test2" time="0.013" errors="0" timestamp="2022-10-24T15:16:37 IST" skipped="0">
  <testcase classname="testng.Test2" name="chats" time="0.010"/>
  <system-out>
    <![CDATA[chats]]>
  </system-out>
  <testcase classname="testng.Test2" name="setting" time="0.002"/>
  <system-out>
    <![CDATA[setting]]>
  </system-out>
  <testcase classname="testng.Test2" name="calls" time="0.001"/>
  <system-out>
    <![CDATA[calls]]>
  </system-out>
</testsuite> <!-- testng.Test2 -->
