<?xml version="1.0" encoding="UTF-8"?>
<!-- Generated by org.testng.reporters.JUnitReportReporter -->
<testsuite hostname="shanth-Lenovo-ideapad-330-15IKB" failures="0" tests="1" name="testng.Testcase1" time="7.180" errors="0" timestamp="2022-11-28T11:32:10 IST" skipped="0">
  <testcase classname="testng.Testcase1" name="loginpage" time="7.180"/>
  <system-out>
    <![CDATA[Log in to Facebook
https://www.facebook.com/login/?privacy_mutation_token=eyJ0eXBlIjowLCJjcmVhdGlvbl90aW1lIjoxNjY5NjE1MzExLCJjYWxsc2l0ZV9pZCI6MzgxMjI5MDc5NTc1OTQ2fQ%3D%3D]]>
  </system-out>
</testsuite> <!-- testng.Testcase1 -->
