<?xml version="1.0" encoding="UTF-8"?>
<!-- Generated by org.testng.reporters.JUnitReportReporter -->
<testsuite hostname="shanth-Lenovo-ideapad-330-15IKB" failures="0" tests="1" name="testng.TestCase2" time="5.012" errors="0" timestamp="2022-11-28T11:32:10 IST" skipped="0">
  <testcase classname="testng.TestCase2" name="login" time="5.012"/>
  <system-out>
    <![CDATA[https://www.facebook.com/login/identify/?ctx=recover&ars=facebook_login&from_login_screen=0
Forgotten Password | Can't Log In | Facebook]]>
  </system-out>
</testsuite> <!-- testng.TestCase2 -->
