<?xml version="1.0" encoding="UTF-8"?>
<!-- Generated by org.testng.reporters.JUnitReportReporter -->
<testsuite hostname="shanth-Lenovo-ideapad-330-15IKB" failures="0" tests="4" name="testng.Parallel" time="95.714" errors="0" timestamp="2022-11-28T12:00:43 IST" skipped="0">
  <testcase classname="testng.Parallel" name="login" time="10.477"/>
  <system-out>
    <![CDATA[https://www.facebook.com/
Log in to Facebook]]>
  </system-out>
  <testcase classname="testng.Parallel" name="login" time="29.282"/>
  <system-out>
    <![CDATA[https://www.facebook.com/
Log in to Facebook]]>
  </system-out>
  <testcase classname="testng.Parallel" name="login" time="27.531"/>
  <system-out>
    <![CDATA[https://www.facebook.com/
Log in to Facebook]]>
  </system-out>
  <testcase classname="testng.Parallel" name="login" time="28.424"/>
  <system-out>
    <![CDATA[https://www.facebook.com/login/?privacy_mutation_token=eyJ0eXBlIjowLCJjcmVhdGlvbl90aW1lIjoxNjY5NjE3MDIxLCJjYWxsc2l0ZV9pZCI6MzgxMjI5MDc5NTc1OTQ2fQ%3D%3D
Log in to Facebook]]>
  </system-out>
</testsuite> <!-- testng.Parallel -->
