<?xml version="1.0" encoding="UTF-8"?>
<!-- Generated by org.testng.reporters.JUnitReportReporter -->
<testsuite hostname="shanth-Lenovo-ideapad-330-15IKB" failures="0" tests="1" name="testng.Testt1" time="0.007" errors="0" timestamp="2022-10-22T14:44:06 IST" skipped="0">
  <testcase classname="testng.Testt1" name="tc1" time="0.007"/>
  <system-out>
    <![CDATA[hello
java]]>
  </system-out>
</testsuite> <!-- testng.Testt1 -->
