<?xml version="1.0" encoding="UTF-8"?>
<!-- Generated by org.testng.reporters.JUnitReportReporter -->
<testsuite hostname="shanth-Lenovo-ideapad-330-15IKB" failures="0" tests="3" name="testng.Dataprovider" time="15.860" errors="0" timestamp="2022-10-25T15:14:01 IST" skipped="0">
  <testcase classname="testng.Dataprovider" name="login" time="4.736"/>
  <system-out/>
  <testcase classname="testng.Dataprovider" name="login" time="5.811"/>
  <system-out/>
  <testcase classname="testng.Dataprovider" name="login" time="5.313"/>
  <system-out/>
</testsuite> <!-- testng.Dataprovider -->
