<?xml version="1.0" encoding="UTF-8"?>
<!-- Generated by org.testng.reporters.JUnitReportReporter -->
<testsuite hostname="shanth-Lenovo-ideapad-330-15IKB" failures="0" tests="4" name="testng.prioirty" time="0.012" errors="0" timestamp="2022-11-28T11:06:56 IST" skipped="1">
  <testcase classname="testng.prioirty" name="chats" time="0.010"/>
  <system-out>
    <![CDATA[heloo]]>
  </system-out>
  <testcase classname="testng.prioirty" name="mess" time="0.001"/>
  <system-out>
    <![CDATA[mmmm]]>
  </system-out>
  <testcase classname="testng.prioirty" name="mess" time="0.001"/>
  <system-out>
    <![CDATA[mmmm]]>
  </system-out>
  <testcase classname="testng.prioirty" name="staus">
    <skipped/>
  </testcase> <!-- staus -->
  <system-out/>
</testsuite> <!-- testng.prioirty -->
