<?xml version="1.0" encoding="UTF-8"?>
<!-- Generated by org.testng.reporters.JUnitReportReporter -->
<testsuite hostname="shanth-Lenovo-ideapad-330-15IKB" failures="0" tests="1" name="testng.Report" time="0.011" errors="0" timestamp="2022-11-28T10:48:43 IST" skipped="0">
  <testcase classname="testng.Report" name="tc" time="0.011"/>
  <system-out>
    <![CDATA[hel]]>
  </system-out>
</testsuite> <!-- testng.Report -->
